Build started 05.04.2016 21:21:38.
     1>Project "D:\Dysk Google\Visual Studio 2013\Projects\Numeryczne_Projekt2\Numeryczne_Projekt2\Numeryczne_Projekt2.vcxproj" on node 2 (Build target(s)).
     1>ClCompile:
         C:\Program Files (x86)\Microsoft Visual Studio 12.0\VC\bin\CL.exe /c /ZI /nologo /W3 /WX- /Od /Oy- /D WIN32 /D _DEBUG /D _CONSOLE /D _LIB /D _UNICODE /D UNICODE /Gm /EHsc /RTC1 /MDd /GS /fp:precise /Zc:wchar_t /Zc:forScope /Fo"Debug\\" /Fd"Debug\vc120.pdb" /Gd /TP /analyze- /errorReport:prompt Numeryczne_Projekt2.cpp
         Numeryczne_Projekt2.cpp
     1>d:\dysk google\visual studio 2013\projects\numeryczne_projekt2\numeryczne_projekt2\numeryczne_projekt2.cpp(49): warning C4018: '<' : signed/unsigned mismatch
     1>d:\dysk google\visual studio 2013\projects\numeryczne_projekt2\numeryczne_projekt2\numeryczne_projekt2.cpp(86): warning C4018: '<' : signed/unsigned mismatch
     1>d:\dysk google\visual studio 2013\projects\numeryczne_projekt2\numeryczne_projekt2\numeryczne_projekt2.cpp(87): warning C4018: '<' : signed/unsigned mismatch
     1>d:\dysk google\visual studio 2013\projects\numeryczne_projekt2\numeryczne_projekt2\numeryczne_projekt2.cpp(99): warning C4018: '<' : signed/unsigned mismatch
     1>d:\dysk google\visual studio 2013\projects\numeryczne_projekt2\numeryczne_projekt2\numeryczne_projekt2.cpp(214): warning C4244: 'argument' : conversion from 'time_t' to 'unsigned int', possible loss of data
     1>d:\dysk google\visual studio 2013\projects\numeryczne_projekt2\numeryczne_projekt2\numeryczne_projekt2.cpp(299): warning C4018: '<' : signed/unsigned mismatch
     1>d:\dysk google\visual studio 2013\projects\numeryczne_projekt2\numeryczne_projekt2\numeryczne_projekt2.cpp(372): warning C4018: '<' : signed/unsigned mismatch
     1>d:\dysk google\visual studio 2013\projects\numeryczne_projekt2\numeryczne_projekt2\numeryczne_projekt2.cpp(374): warning C4018: '<' : signed/unsigned mismatch
       Link:
         C:\Program Files (x86)\Microsoft Visual Studio 12.0\VC\bin\link.exe /ERRORREPORT:PROMPT /OUT:"D:\Dysk Google\Visual Studio 2013\Projects\Numeryczne_Projekt2\Debug\Numeryczne_Projekt2.exe" /INCREMENTAL /NOLOGO kernel32.lib user32.lib gdi32.lib winspool.lib comdlg32.lib advapi32.lib shell32.lib ole32.lib oleaut32.lib uuid.lib odbc32.lib odbccp32.lib /MANIFEST /MANIFESTUAC:"level='asInvoker' uiAccess='false'" /manifest:embed /DEBUG /PDB:"D:\Dysk Google\Visual Studio 2013\Projects\Numeryczne_Projekt2\Debug\Numeryczne_Projekt2.pdb" /SUBSYSTEM:CONSOLE /TLBID:1 /DYNAMICBASE /NXCOMPAT /IMPLIB:"D:\Dysk Google\Visual Studio 2013\Projects\Numeryczne_Projekt2\Debug\Numeryczne_Projekt2.lib" /MACHINE:X86 Debug\Numeryczne_Projekt2.obj
         Debug\stdafx.obj
         Numeryczne_Projekt2.vcxproj -> D:\Dysk Google\Visual Studio 2013\Projects\Numeryczne_Projekt2\Debug\Numeryczne_Projekt2.exe
     1>Done Building Project "D:\Dysk Google\Visual Studio 2013\Projects\Numeryczne_Projekt2\Numeryczne_Projekt2\Numeryczne_Projekt2.vcxproj" (Build target(s)).

Build succeeded.

Time Elapsed 00:00:03.00
